input file: lx13.nspc2.SO0.db128.b1.078125.in
number of MPI tasks: 50
mem per task: 5 GB
physical cores per task: 4
logical cores per task: 16
tasks per node: 16
number of nodes: 4
OpenMP threads per task: 4
OMP_PLACES: threads
Hello from rank 26, thread 0, on nid02975. (core affinity = 0)
Hello from rank 26, thread 1, on nid02975. (core affinity = 1)
Hello from rank 26, thread 3, on nid02975. (core affinity = 3)
Hello from rank 26, thread 2, on nid02975. (core affinity = 2)
Hello from rank 44, thread 3, on nid02980. (core affinity = 27)
Hello from rank 44, thread 1, on nid02980. (core affinity = 25)
Hello from rank 44, thread 0, on nid02980. (core affinity = 24)
Hello from rank 44, thread 2, on nid02980. (core affinity = 26)
Hello from rank 27, thread 1, on nid02975. (core affinity = 5)
Hello from rank 27, thread 0, on nid02975. (core affinity = 4)
Hello from rank 27, thread 2, on nid02975. (core affinity = 6)
Hello from rank 27, thread 3, on nid02975. (core affinity = 7)
Hello from rank 35, thread 1, on nid02975. (core affinity = 37)
Hello from rank 35, thread 0, on nid02975. (core affinity = 36)
Hello from rank 35, thread 2, on nid02975. (core affinity = 38)
Hello from rank 35, thread 3, on nid02975. (core affinity = 39)
Hello from rank 28, thread 1, on nid02975. (core affinity = 9)
Hello from rank 28, thread 0, on nid02975. (core affinity = 8)
Hello from rank 28, thread 3, on nid02975. (core affinity = 11)
Hello from rank 28, thread 2, on nid02975. (core affinity = 10)
Hello from rank 29, thread 3, on nid02975. (core affinity = 15)
Hello from rank 29, thread 1, on nid02975. (core affinity = 13)
Hello from rank 29, thread 0, on nid02975. (core affinity = 12)
Hello from rank 29, thread 2, on nid02975. (core affinity = 14)
Hello from rank 30, thread 3, on nid02975. (core affinity = 19)
Hello from rank 30, thread 1, on nid02975. (core affinity = 17)
Hello from rank 30, thread 0, on nid02975. (core affinity = 16)
Hello from rank 30, thread 2, on nid02975. (core affinity = 18)
Hello from rank 31, thread 1, on nid02975. (core affinity = 21)
Hello from rank 31, thread 0, on nid02975. (core affinity = 20)
Hello from rank 31, thread 3, on nid02975. (core affinity = 23)
Hello from rank 31, thread 2, on nid02975. (core affinity = 22)
Hello from rank 32, thread 3, on nid02975. (core affinity = 27)
Hello from rank 32, thread 1, on nid02975. (core affinity = 25)
Hello from rank 32, thread 2, on nid02975. (core affinity = 26)
Hello from rank 32, thread 0, on nid02975. (core affinity = 24)
Hello from rank 33, thread 0, on nid02975. (core affinity = 28)
Hello from rank 33, thread 1, on nid02975. (core affinity = 29)
Hello from rank 33, thread 2, on nid02975. (core affinity = 30)
Hello from rank 33, thread 3, on nid02975. (core affinity = 31)
Hello from rank 34, thread 1, on nid02975. (core affinity = 33)
Hello from rank 34, thread 0, on nid02975. (core affinity = 32)
Hello from rank 34, thread 3, on nid02975. (core affinity = 35)
Hello from rank 34, thread 2, on nid02975. (core affinity = 34)
Hello from rank 36, thread 0, on nid02975. (core affinity = 40)
Hello from rank 36, thread 2, on nid02975. (core affinity = 42)
Hello from rank 36, thread 3, on nid02975. (core affinity = 43)
Hello from rank 36, thread 1, on nid02975. (core affinity = 41)
Hello from rank 37, thread 0, on nid02975. (core affinity = 44)
Hello from rank 37, thread 1, on nid02975. (core affinity = 45)
Hello from rank 37, thread 3, on nid02975. (core affinity = 47)
Hello from rank 37, thread 2, on nid02975. (core affinity = 46)
Hello from rank 0, thread 2, on nid02848. (core affinity = 2)
Hello from rank 0, thread 1, on nid02848. (core affinity = 1)
Hello from rank 0, thread 0, on nid02848. (core affinity = 0)
Hello from rank 0, thread 3, on nid02848. (core affinity = 3)
Hello from rank 45, thread 0, on nid02980. (core affinity = 28)
Hello from rank 45, thread 3, on nid02980. (core affinity = 31)
Hello from rank 45, thread 1, on nid02980. (core affinity = 29)
Hello from rank 45, thread 2, on nid02980. (core affinity = 30)
Hello from rank 38, thread 2, on nid02980. (core affinity = 2)
Hello from rank 38, thread 1, on nid02980. (core affinity = 1)
Hello from rank 38, thread 0, on nid02980. (core affinity = 0)
Hello from rank 38, thread 3, on nid02980. (core affinity = 3)
Hello from rank 39, thread 0, on nid02980. (core affinity = 4)
Hello from rank 39, thread 1, on nid02980. (core affinity = 5)
Hello from rank 39, thread 2, on nid02980. (core affinity = 6)
Hello from rank 39, thread 3, on nid02980. (core affinity = 7)
Hello from rank 40, thread 1, on nid02980. (core affinity = 9)
Hello from rank 40, thread 0, on nid02980. (core affinity = 8)
Hello from rank 40, thread 3, on nid02980. (core affinity = 11)
Hello from rank 40, thread 2, on nid02980. (core affinity = 10)
Hello from rank 41, thread 0, on nid02980. (core affinity = 12)
Hello from rank 41, thread 1, on nid02980. (core affinity = 13)
Hello from rank 41, thread 2, on nid02980. (core affinity = 14)
Hello from rank 41, thread 3, on nid02980. (core affinity = 15)
Hello from rank 43, thread 1, on nid02980. (core affinity = 21)
Hello from rank 43, thread 0, on nid02980. (core affinity = 20)
Hello from rank 43, thread 2, on nid02980. (core affinity = 22)
Hello from rank 43, thread 3, on nid02980. (core affinity = 23)
Hello from rank 46, thread 0, on nid02980. (core affinity = 32)
Hello from rank 46, thread 1, on nid02980. (core affinity = 33)
Hello from rank 46, thread 3, on nid02980. (core affinity = 35)
Hello from rank 46, thread 2, on nid02980. (core affinity = 34)
Hello from rank 49, thread 1, on nid02980. (core affinity = 45)
Hello from rank 49, thread 0, on nid02980. (core affinity = 44)
Hello from rank 49, thread 3, on nid02980. (core affinity = 47)
Hello from rank 49, thread 2, on nid02980. (core affinity = 46)
Hello from rank 42, thread 0, on nid02980. (core affinity = 16)
Hello from rank 42, thread 1, on nid02980. (core affinity = 17)
Hello from rank 42, thread 3, on nid02980. (core affinity = 19)
Hello from rank 42, thread 2, on nid02980. (core affinity = 18)
Hello from rank 47, thread 0, on nid02980. (core affinity = 36)
Hello from rank 47, thread 1, on nid02980. (core affinity = 37)
Hello from rank 47, thread 2, on nid02980. (core affinity = 38)
Hello from rank 47, thread 3, on nid02980. (core affinity = 39)
Hello from rank 48, thread 1, on nid02980. (core affinity = 41)
Hello from rank 48, thread 0, on nid02980. (core affinity = 40)
Hello from rank 48, thread 2, on nid02980. (core affinity = 42)
Hello from rank 48, thread 3, on nid02980. (core affinity = 43)
Hello from rank 2, thread 1, on nid02848. (core affinity = 9)
Hello from rank 2, thread 0, on nid02848. (core affinity = 8)
Hello from rank 2, thread 3, on nid02848. (core affinity = 11)
Hello from rank 2, thread 2, on nid02848. (core affinity = 10)
Hello from rank 10, thread 1, on nid02848. (core affinity = 41)
Hello from rank 10, thread 0, on nid02848. (core affinity = 40)
Hello from rank 10, thread 2, on nid02848. (core affinity = 42)
Hello from rank 10, thread 3, on nid02848. (core affinity = 43)
Hello from rank 11, thread 1, on nid02848. (core affinity = 45)
Hello from rank 11, thread 0, on nid02848. (core affinity = 44)
Hello from rank 11, thread 2, on nid02848. (core affinity = 46)
Hello from rank 11, thread 3, on nid02848. (core affinity = 47)
Hello from rank 1, thread 0, on nid02848. (core affinity = 4)
Hello from rank 1, thread 1, on nid02848. (core affinity = 5)
Hello from rank 1, thread 3, on nid02848. (core affinity = 7)
Hello from rank 1, thread 2, on nid02848. (core affinity = 6)
Hello from rank 3, thread 0, on nid02848. (core affinity = 12)
Hello from rank 3, thread 1, on nid02848. (core affinity = 13)
Hello from rank 3, thread 2, on nid02848. (core affinity = 14)
Hello from rank 3, thread 3, on nid02848. (core affinity = 15)
Hello from rank 4, thread 0, on nid02848. (core affinity = 16)
Hello from rank 4, thread 2, on nid02848. (core affinity = 18)
Hello from rank 4, thread 3, on nid02848. (core affinity = 19)
Hello from rank 4, thread 1, on nid02848. (core affinity = 17)
Hello from rank 5, thread 1, on nid02848. (core affinity = 21)
Hello from rank 5, thread 0, on nid02848. (core affinity = 20)
Hello from rank 5, thread 3, on nid02848. (core affinity = 23)
Hello from rank 5, thread 2, on nid02848. (core affinity = 22)
Hello from rank 6, thread 0, on nid02848. (core affinity = 24)
Hello from rank 6, thread 1, on nid02848. (core affinity = 25)
Hello from rank 6, thread 2, on nid02848. (core affinity = 26)
Hello from rank 6, thread 3, on nid02848. (core affinity = 27)
Hello from rank 7, thread 0, on nid02848. (core affinity = 28)
Hello from rank 7, thread 1, on nid02848. (core affinity = 29)
Hello from rank 7, thread 2, on nid02848. (core affinity = 30)
Hello from rank 7, thread 3, on nid02848. (core affinity = 31)
Hello from rank 8, thread 0, on nid02848. (core affinity = 32)
Hello from rank 8, thread 1, on nid02848. (core affinity = 33)
Hello from rank 8, thread 2, on nid02848. (core affinity = 34)
Hello from rank 8, thread 3, on nid02848. (core affinity = 35)
Hello from rank 9, thread 1, on nid02848. (core affinity = 37)
Hello from rank 9, thread 0, on nid02848. (core affinity = 36)
Hello from rank 9, thread 2, on nid02848. (core affinity = 38)
Hello from rank 9, thread 3, on nid02848. (core affinity = 39)
Hello from rank 12, thread 0, on nid02848. (core affinity = 48)
Hello from rank 12, thread 1, on nid02848. (core affinity = 49)
Hello from rank 12, thread 2, on nid02848. (core affinity = 50)
Hello from rank 12, thread 3, on nid02848. (core affinity = 51)
Hello from rank 14, thread 1, on nid02849. (core affinity = 5)
Hello from rank 14, thread 0, on nid02849. (core affinity = 4)
Hello from rank 14, thread 2, on nid02849. (core affinity = 6)
Hello from rank 14, thread 3, on nid02849. (core affinity = 7)
Hello from rank 19, thread 1, on nid02849. (core affinity = 25)
Hello from rank 19, thread 0, on nid02849. (core affinity = 24)
Hello from rank 19, thread 2, on nid02849. (core affinity = 26)
Hello from rank 19, thread 3, on nid02849. (core affinity = 27)
Hello from rank 13, thread 2, on nid02849. (core affinity = 2)
Hello from rank 13, thread 1, on nid02849. (core affinity = 1)
Hello from rank 13, thread 0, on nid02849. (core affinity = 0)
Hello from rank 13, thread 3, on nid02849. (core affinity = 3)
Hello from rank 15, thread 1, on nid02849. (core affinity = 9)
Hello from rank 15, thread 0, on nid02849. (core affinity = 8)
Hello from rank 15, thread 3, on nid02849. (core affinity = 11)
Hello from rank 15, thread 2, on nid02849. (core affinity = 10)
Hello from rank 16, thread 1, on nid02849. (core affinity = 13)
Hello from rank 16, thread 0, on nid02849. (core affinity = 12)
Hello from rank 16, thread 2, on nid02849. (core affinity = 14)
Hello from rank 16, thread 3, on nid02849. (core affinity = 15)
Hello from rank 17, thread 0, on nid02849. (core affinity = 16)
Hello from rank 17, thread 1, on nid02849. (core affinity = 17)
Hello from rank 17, thread 3, on nid02849. (core affinity = 19)
Hello from rank 17, thread 2, on nid02849. (core affinity = 18)
Hello from rank 18, thread 3, on nid02849. (core affinity = 23)
Hello from rank 18, thread 2, on nid02849. (core affinity = 22)
Hello from rank 18, thread 1, on nid02849. (core affinity = 21)
Hello from rank 18, thread 0, on nid02849. (core affinity = 20)
Hello from rank 20, thread 1, on nid02849. (core affinity = 29)
Hello from rank 20, thread 0, on nid02849. (core affinity = 28)
Hello from rank 20, thread 3, on nid02849. (core affinity = 31)
Hello from rank 20, thread 2, on nid02849. (core affinity = 30)
Hello from rank 21, thread 1, on nid02849. (core affinity = 33)
Hello from rank 21, thread 0, on nid02849. (core affinity = 32)
Hello from rank 21, thread 2, on nid02849. (core affinity = 34)
Hello from rank 21, thread 3, on nid02849. (core affinity = 35)
Hello from rank 22, thread 1, on nid02849. (core affinity = 37)
Hello from rank 22, thread 0, on nid02849. (core affinity = 36)
Hello from rank 22, thread 3, on nid02849. (core affinity = 39)
Hello from rank 22, thread 2, on nid02849. (core affinity = 38)
Hello from rank 23, thread 1, on nid02849. (core affinity = 41)
Hello from rank 23, thread 0, on nid02849. (core affinity = 40)
Hello from rank 23, thread 3, on nid02849. (core affinity = 43)
Hello from rank 23, thread 2, on nid02849. (core affinity = 42)
Hello from rank 24, thread 1, on nid02849. (core affinity = 45)
Hello from rank 24, thread 0, on nid02849. (core affinity = 44)
Hello from rank 24, thread 2, on nid02849. (core affinity = 46)
Hello from rank 24, thread 3, on nid02849. (core affinity = 47)
Hello from rank 25, thread 1, on nid02849. (core affinity = 49)
Hello from rank 25, thread 0, on nid02849. (core affinity = 48)
Hello from rank 25, thread 2, on nid02849. (core affinity = 50)
Hello from rank 25, thread 3, on nid02849. (core affinity = 51)
srun: fatal: Can not execute lafmc
/var/spool/slurmd/job6415348/slurm_script: line 33: 240818 Aborted                 srun -n 50 -c 16 --cpu_bind=cores lafmc mc lx13.nspc2.SO0.db128.b1.078125.in
